C:\Users\Pedro Andres\Documents\Projectos\BotNode\BotNode\routes\index.js
C:\Users\Pedro Andres\Documents\Projectos\BotNode\BotNode\routes\index.js.map
C:\Users\Pedro Andres\Documents\Projectos\BotNode\BotNode\routes\user.js
C:\Users\Pedro Andres\Documents\Projectos\BotNode\BotNode\routes\user.js.map
C:\Users\Pedro Andres\Documents\Projectos\BotNode\BotNode\app.js
C:\Users\Pedro Andres\Documents\Projectos\BotNode\BotNode\app.js.map
C:\Users\Pedro Andres\Source\Repos\NodeBotTest\BotNode\routes\Controler\ControlerPrueba.js
C:\Users\Pedro Andres\Source\Repos\NodeBotTest\BotNode\routes\Controler\ControlerPrueba.js.map
C:\Users\Pedro Andres\Source\Repos\NodeBotTest\BotNode\routes\index.js
C:\Users\Pedro Andres\Source\Repos\NodeBotTest\BotNode\routes\index.js.map
C:\Users\Pedro Andres\Source\Repos\NodeBotTest\BotNode\routes\user.js
C:\Users\Pedro Andres\Source\Repos\NodeBotTest\BotNode\routes\user.js.map
C:\Users\Pedro Andres\Source\Repos\NodeBotTest\BotNode\app.js
C:\Users\Pedro Andres\Source\Repos\NodeBotTest\BotNode\app.js.map
C:\Users\Pedro Andres\Source\Repos\NodeBotTest\BotNode\routes\Controler\ControlerPrueba.js
C:\Users\Pedro Andres\Source\Repos\NodeBotTest\BotNode\routes\Controler\ControlerPrueba.js.map
C:\Users\Pedro Andres\Source\Repos\NodeBotTest\BotNode\routes\index.js
C:\Users\Pedro Andres\Source\Repos\NodeBotTest\BotNode\routes\index.js.map
C:\Users\Pedro Andres\Source\Repos\NodeBotTest\BotNode\routes\user.js
C:\Users\Pedro Andres\Source\Repos\NodeBotTest\BotNode\routes\user.js.map
C:\Users\Pedro Andres\Source\Repos\NodeBotTest\BotNode\app.js
C:\Users\Pedro Andres\Source\Repos\NodeBotTest\BotNode\app.js.map
